[debug] [2024-05-24T11:46:19.527Z] ----------------------------------------------------------------------
[debug] [2024-05-24T11:46:19.530Z] Command:       C:\Program Files\nodejs\node.exe C:\Users\udan\AppData\Roaming\npm\node_modules\firebase-tools\lib\bin\firebase.js init
[debug] [2024-05-24T11:46:19.531Z] CLI Version:   13.10.0
[debug] [2024-05-24T11:46:19.531Z] Platform:      win32
[debug] [2024-05-24T11:46:19.531Z] Node Version:  v21.7.1
[debug] [2024-05-24T11:46:19.532Z] Time:          Fri May 24 2024 17:16:19 GMT+0530 (India Standard Time)
[debug] [2024-05-24T11:46:19.532Z] ----------------------------------------------------------------------
[debug] 
[debug] [2024-05-24T11:46:19.541Z] > command requires scopes: ["email","openid","https://www.googleapis.com/auth/cloudplatformprojects.readonly","https://www.googleapis.com/auth/firebase","https://www.googleapis.com/auth/cloud-platform"]
[debug] [2024-05-24T11:46:19.542Z] > authorizing via signed-in user (j.udanjayanith@gmail.com)
[info] 
     ######## #### ########  ######## ########     ###     ######  ########
     ##        ##  ##     ## ##       ##     ##  ##   ##  ##       ##
     ######    ##  ########  ######   ########  #########  ######  ######
     ##        ##  ##    ##  ##       ##     ## ##     ##       ## ##
     ##       #### ##     ## ######## ########  ##     ##  ######  ########

You're about to initialize a Firebase project in this directory:

  C:\Users\udan\Downloads\Documents\scripts\chrome extensions\bookmark

[info] 
=== Project Setup
[info] 
[info] First, let's associate this project directory with a Firebase project.
[info] You can create multiple project aliases by running firebase use --add, 
[info] but for now we'll just set up a default project.
[info] 
